[debug] [2023-01-08T19:26:12.231Z] ----------------------------------------------------------------------
[debug] [2023-01-08T19:26:12.235Z] Command:       C:\Program Files\nodejs\node.exe C:\Users\Lenovo\AppData\Roaming\npm\node_modules\firebase-tools\lib\bin\firebase.js init
[debug] [2023-01-08T19:26:12.236Z] CLI Version:   11.20.0
[debug] [2023-01-08T19:26:12.236Z] Platform:      win32
[debug] [2023-01-08T19:26:12.236Z] Node Version:  v18.12.1
[debug] [2023-01-08T19:26:12.255Z] Time:          Mon Jan 09 2023 00:56:12 GMT+0530 (India Standard Time)
[debug] [2023-01-08T19:26:12.256Z] ----------------------------------------------------------------------
[debug] 
[debug] [2023-01-08T19:26:12.269Z] > command requires scopes: ["email","openid","https://www.googleapis.com/auth/cloudplatformprojects.readonly","https://www.googleapis.com/auth/firebase","https://www.googleapis.com/auth/cloud-platform"]
[debug] [2023-01-08T19:26:12.270Z] > authorizing via signed-in user (sidu2911@gmail.com)
[info] 
     ######## #### ########  ######## ########     ###     ######  ########
     ##        ##  ##     ## ##       ##     ##  ##   ##  ##       ##
     ######    ##  ########  ######   ########  #########  ######  ######
     ##        ##  ##    ##  ##       ##     ## ##     ##       ## ##
     ##       #### ##     ## ######## ########  ##     ##  ######  ########

You're about to initialize a Firebase project in this directory:

  C:\Users\Lenovo\Desktop\Coding\React\authenticator-project

[info] 
=== Project Setup
[info] 
[info] First, let's associate this project directory with a Firebase project.
[info] You can create multiple project aliases by running firebase use --add, 
[info] but for now we'll just set up a default project.
[info] 
[debug] [2023-01-08T19:30:28.033Z] >>> [apiv2][query] GET https://firebase.googleapis.com/v1beta1/projects pageSize=100
[debug] [2023-01-08T19:30:29.424Z] <<< [apiv2][status] GET https://firebase.googleapis.com/v1beta1/projects 200
[debug] [2023-01-08T19:30:29.426Z] <<< [apiv2][body] GET https://firebase.googleapis.com/v1beta1/projects [omitted]
[info] i  Using project social-media-f4171 (social media) 
[info] 
=== Hosting Setup
[info] 
[info] Your public directory is the folder (relative to your project directory) that
[info] will contain Hosting assets to be uploaded with firebase deploy. If you
[info] have a build process for your assets, use your build's output directory.
[info] 
[info] +  Wrote public/404.html 
[debug] [2023-01-08T19:32:39.187Z] >>> [apiv2][query] GET https://www.gstatic.com/firebasejs/releases.json [none]
[debug] [2023-01-08T19:32:42.606Z] <<< [apiv2][status] GET https://www.gstatic.com/firebasejs/releases.json 200
[debug] [2023-01-08T19:32:42.606Z] <<< [apiv2][body] GET https://www.gstatic.com/firebasejs/releases.json {"current":{"version":"9.15.0","browserURL":"https://www.gstatic.com/firebasejs/9.15.0/firebase.js","packageURL":"https://www.gstatic.com/firebasejs/9.15.0/firebase.tgz"},"live":{"version":"9.15","browserURL":"https://www.gstatic.com/firebasejs/live/9.15/firebase.js","packageURL":"https://www.gstatic.com/firebasejs/live/9.15/firebase.tgz"},"components":{"analytics":"https://www.gstatic.com/firebasejs/9.15.0/firebase-analytics.js","app":"https://www.gstatic.com/firebasejs/9.15.0/firebase-app.js","app-check":"https://www.gstatic.com/firebasejs/9.15.0/firebase-app-check.js","auth":"https://www.gstatic.com/firebasejs/9.15.0/firebase-auth.js","auth/cordova":"https://www.gstatic.com/firebasejs/9.15.0/firebase-auth/cordova.js","auth/react-native":"https://www.gstatic.com/firebasejs/9.15.0/firebase-auth/react-native.js","functions":"https://www.gstatic.com/firebasejs/9.15.0/firebase-functions.js","firestore":"https://www.gstatic.com/firebasejs/9.15.0/firebase-firestore.js","firestore/lite":"https://www.gstatic.com/firebasejs/9.15.0/firebase-firestore/lite.js","installations":"https://www.gstatic.com/firebasejs/9.15.0/firebase-installations.js","storage":"https://www.gstatic.com/firebasejs/9.15.0/firebase-storage.js","performance":"https://www.gstatic.com/firebasejs/9.15.0/firebase-performance.js","remote-config":"https://www.gstatic.com/firebasejs/9.15.0/firebase-remote-config.js","messaging":"https://www.gstatic.com/firebasejs/9.15.0/firebase-messaging.js","messaging/sw":"https://www.gstatic.com/firebasejs/9.15.0/firebase-messaging/sw.js","database":"https://www.gstatic.com/firebasejs/9.15.0/firebase-database.js","firestore.memory":"https://www.gstatic.com/firebasejs/9.15.0/firebase-firestore.memory.js"}}
[info] i  Skipping write of public/index.html 
[info] 
[info] i  Detected a .git folder at C:\Users\Lenovo\Desktop\Coding\React\authenticator-project 
[info] i  Authorizing with GitHub to upload your service account to a GitHub repository's secrets store. 
[info] 
[info] Visit this URL on this device to log in:
[info] https://github.com/login/oauth/authorize?client_id=89cf50f02ac6aaed3484&state=645711163&redirect_uri=http%3A%2F%2Flocalhost%3A9005&scope=read%3Auser%20repo%20public_repo
[info] 
[info] Waiting for authentication...
[debug] [2023-01-08T19:34:34.196Z] >>> [apiv2][query] POST https://github.com/login/oauth/access_token [none]
[debug] [2023-01-08T19:34:34.196Z] >>> [apiv2][body] POST https://github.com/login/oauth/access_token [stream]
[debug] [2023-01-08T19:34:35.308Z] <<< [apiv2][status] POST https://github.com/login/oauth/access_token 200
[debug] [2023-01-08T19:34:35.308Z] <<< [apiv2][body] POST https://github.com/login/oauth/access_token {"access_token":"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","token_type":"bearer","scope":"read:user,repo"}
[debug] [2023-01-08T19:34:35.329Z] >>> [apiv2][query] GET https://api.github.com/user [none]
[debug] [2023-01-08T19:34:36.430Z] <<< [apiv2][status] GET https://api.github.com/user 200
[debug] [2023-01-08T19:34:36.430Z] <<< [apiv2][body] GET https://api.github.com/user {"login":"sid3934","id":86104829,"node_id":"MDQ6VXNlcjg2MTA0ODI5","avatar_url":"https://avatars.githubusercontent.com/u/86104829?v=4","gravatar_id":"","url":"https://api.github.com/users/sid3934","html_url":"https://github.com/sid3934","followers_url":"https://api.github.com/users/sid3934/followers","following_url":"https://api.github.com/users/sid3934/following{/other_user}","gists_url":"https://api.github.com/users/sid3934/gists{/gist_id}","starred_url":"https://api.github.com/users/sid3934/starred{/owner}{/repo}","subscriptions_url":"https://api.github.com/users/sid3934/subscriptions","organizations_url":"https://api.github.com/users/sid3934/orgs","repos_url":"https://api.github.com/users/sid3934/repos","events_url":"https://api.github.com/users/sid3934/events{/privacy}","received_events_url":"https://api.github.com/users/sid3934/received_events","type":"User","site_admin":false,"name":"Siddharth Upadhyay","company":"https://www.instagram.com/demo_press","blog":"https://www.kaggle.com/sid3945","location":"Navi Mumbai","email":null,"hireable":null,"bio":"Student. \r\nProgramming languages ik: Java, Python, JavaScript.\r\nBesides Dev, I'm interested in Machine Learning and Computer Vision (projects hosted on kaggle).","twitter_username":"Iam_Sid_39","public_repos":12,"public_gists":3,"followers":6,"following":11,"created_at":"2021-06-18T09:45:54Z","updated_at":"2023-01-04T20:07:37Z","private_gists":0,"total_private_repos":0,"owned_private_repos":0,"disk_usage":6107,"collaborators":0,"two_factor_authentication":false,"plan":{"name":"pro","space":976562499,"collaborators":0,"private_repos":9999}}
[info] 
[info] +  Success! Logged into GitHub as sid3934 
[info] 
